C51 COMPILER V8.18   SAMPLES                                                               01/26/2011 11:16:54 PAGE 1   


C51 COMPILER V8.18, COMPILATION OF MODULE SAMPLES
OBJECT MODULE PLACED IN .\output\samples.obj
COMPILER INVOKED BY: C:\Keil\C51\BIN\C51.EXE sourcecode\samples.c BROWSE DEBUG OBJECTEXTEND PRINT(.\list\samples.lst) OB
                    -JECT(.\output\samples.obj)

line level    source

   1          
   2          unsigned char code PCM_Warn [1338]= { 
   3                  0x7f,0x80,0x7f,0x7f,0x7f,0x80,0x7f,0x7f,0x7f,0x7e,0x7f,0x7f,0x7f,0x7f,0x80,0x7f,0x80,0x7f,0x80,0x7f,0x80,
             -0x7f,0x80,0x7f,
   4                  0x80,0x7f,0x80,0x81,0x86,0x95,0x94,0x90,0x8c,0x7a,0x50,0x56,0x5a,0x5f,0x64,0x76,0xa1,0x9c,0x99,0x95,0x90,
             -0x80,0x53,0x5c,
   5                  0x60,0x63,0x69,0x7b,0xa5,0x9d,0x9c,0x98,0x93,0x83,0x57,0x5c,0x62,0x66,0x6b,0x7c,0xa7,0xa0,0x9e,0x99,0x94,
             -0x83,0x58,0x5f,
   6                  0x63,0x66,0x6d,0x7c,0xa6,0xa0,0x9e,0x99,0x94,0x84,0x5b,0x61,0x64,0x67,0x6d,0x7d,0xa7,0xa1,0x9e,0x9a,0x94,
             -0x84,0x5b,0x61,
   7                  0x64,0x6b,0x81,0x93,0xbb,0xad,0xa8,0x7c,0x63,0x5f,0x34,0x44,0x4b,0x7b,0x95,0x99,0xc4,0xb5,0xad,0x7f,0x68,
             -0x62,0x36,0x48,
   8                  0x4d,0x7c,0x96,0x9b,0xc8,0xb6,0xaf,0x80,0x68,0x64,0x38,0x48,0x4f,0x7f,0x98,0x9d,0xc8,0xb8,0xb0,0x82,0x6a,
             -0x65,0x3b,0x48,
   9                  0x50,0x7d,0x99,0x9c,0xca,0xb8,0xb0,0x81,0x68,0x63,0x3a,0x4a,0x50,0x7e,0x99,0x9e,0xc7,0xb8,0xb1,0x80,0x68,
             -0x62,0x39,0x49,
  10                  0x51,0x81,0x9a,0x9c,0xc8,0xb8,0xb1,0x81,0x67,0x62,0x38,0x49,0x50,0x82,0xa3,0xa2,0xcc,0xbc,0xb2,0x77,0x59,
             -0x56,0x2d,0x3f,
  11                  0x48,0x86,0xa4,0xa6,0xd0,0xbd,0xb4,0x79,0x5b,0x59,0x2e,0x42,0x4a,0x86,0xa5,0xa7,0xd0,0xbe,0xb7,0x76,0x5a,
             -0x5a,0x30,0x42,
  12                  0x4b,0x87,0xa4,0xa6,0xcf,0xbd,0xb5,0x78,0x5a,0x58,0x30,0x42,0x4c,0x87,0xa5,0xa6,0xd1,0xbd,0xb3,0x76,0x5a,
             -0x57,0x30,0x41,
  13                  0x4f,0x92,0xab,0xad,0xd4,0xbf,0xab,0x67,0x4f,0x4d,0x27,0x3a,0x4d,0x93,0xaf,0xb1,0xd9,0xc2,0xad,0x69,0x51,
             -0x52,0x2d,0x40,
  14                  0x52,0x97,0xae,0xa9,0xd4,0xbf,0xa7,0x64,0x4f,0x54,0x2c,0x42,0x56,0x9b,0xaf,0xac,0xd2,0xbe,0xa7,0x66,0x50,
             -0x55,0x2d,0x42,
  15                  0x58,0x9c,0xae,0xad,0xd3,0xbd,0xa6,0x65,0x50,0x54,0x2f,0x41,0x58,0x9b,0xb0,0xad,0xd3,0xbc,0xa6,0x65,0x50,
             -0x53,0x2d,0x41,
  16                  0x59,0x9c,0xaf,0xac,0xd1,0xbc,0xa5,0x65,0x50,0x53,0x2e,0x43,0x5e,0x9f,0xb2,0xb0,0xd3,0xbc,0x9e,0x5a,0x4a,
             -0x4e,0x2a,0x3f,
  17                  0x62,0xab,0xbf,0xb9,0xdb,0xc4,0x9c,0x4a,0x38,0x3b,0x1c,0x34,0x5c,0xae,0xc2,0xbd,0xdb,0xc8,0x9e,0x4d,0x3c,
             -0x40,0x1f,0x38,
  18                  0x61,0xb2,0xc4,0xbf,0xdf,0xc8,0x9d,0x4c,0x3e,0x46,0x24,0x3c,0x66,0xb2,0xc1,0xb6,0xd8,0xc0,0x95,0x48,0x3e,
             -0x45,0x27,0x3e,
  19                  0x68,0xb4,0xc2,0xb8,0xd8,0xc1,0x96,0x4a,0x3e,0x46,0x27,0x3e,0x6b,0xb6,0xc2,0xba,0xda,0xc1,0x94,0x4b,0x3e,
             -0x47,0x29,0x3f,
  20                  0x6d,0xb6,0xc1,0xb9,0xda,0xc2,0x92,0x4b,0x3f,0x46,0x26,0x40,0x6e,0xb5,0xc2,0xb9,0xda,0xc0,0x90,0x4b,0x3e,
             -0x45,0x26,0x42,
  21                  0x6f,0xb3,0xc1,0xb8,0xda,0xc0,0x91,0x54,0x45,0x4c,0x2d,0x43,0x6c,0xa5,0xb5,0xad,0xce,0xb6,0x8d,0x58,0x48,
             -0x4f,0x2b,0x47,
  22                  0x71,0xa6,0xb5,0xac,0xcf,0xb7,0x8c,0x58,0x48,0x4f,0x2f,0x47,0x73,0xa5,0xb4,0xb0,0xcf,0xb7,0x8a,0x5a,0x49,
             -0x4e,0x2f,0x48,
  23                  0x75,0xa5,0xb6,0xae,0xce,0xb5,0x87,0x59,0x4a,0x4f,0x2e,0x49,0x77,0xa4,0xb5,0xaf,0xce,0xb3,0x86,0x58,0x4a,
             -0x4e,0x2e,0x4b,
  24                  0x79,0xa4,0xb5,0xb0,0xce,0xb2,0x83,0x59,0x4b,0x4f,0x30,0x4c,0x7a,0xa3,0xb5,0xaf,0xce,0xb0,0x83,0x59,0x4b,
             -0x4f,0x2f,0x4e,
  25                  0x7b,0xa1,0xb2,0xad,0xcd,0xae,0x80,0x59,0x4c,0x50,0x31,0x4e,0x7c,0xa1,0xb0,0xad,0xcd,0xaf,0x80,0x5b,0x4c,
             -0x50,0x31,0x50,
  26                  0x7d,0xa1,0xb2,0xac,0xcd,0xae,0x7e,0x5a,0x4c,0x4f,0x32,0x50,0x7e,0xa2,0xb2,0xad,0xcd,0xab,0x7e,0x5c,0x4c,
             -0x4f,0x33,0x52,
  27                  0x7f,0xa1,0xb0,0xac,0xce,0xaa,0x7d,0x5a,0x4d,0x50,0x31,0x55,0x80,0xa1,0xb0,0xad,0xcb,0xa7,0x7d,0x5b,0x4d,
             -0x51,0x31,0x56,
  28                  0x80,0xa3,0xb0,0xac,0xcb,0xa7,0x7e,0x5c,0x4f,0x52,0x32,0x58,0x80,0xa2,0xb1,0xac,0xcb,0xa6,0x7c,0x5c,0x4c,
             -0x52,0x32,0x5a,
C51 COMPILER V8.18   SAMPLES                                                               01/26/2011 11:16:54 PAGE 2   

  29                  0x84,0xa2,0xaf,0xad,0xcb,0xa3,0x7b,0x5c,0x4e,0x51,0x31,0x5c,0x82,0xa1,0xae,0xac,0xca,0xa2,0x7d,0x5a,0x4e,
             -0x52,0x33,0x5c,
  30                  0x83,0xa3,0xaf,0xac,0xcb,0xa1,0x7c,0x5d,0x4e,0x52,0x31,0x5e,0x81,0xa3,0xae,0xab,0xc8,0x9e,0x7a,0x5b,0x4f,
             -0x52,0x32,0x60,
  31                  0x81,0xa2,0xae,0xab,0xca,0x9c,0x7d,0x5b,0x4f,0x53,0x32,0x62,0x81,0xa0,0xae,0xab,0xc9,0x9d,0x7c,0x5c,0x4f,
             -0x52,0x33,0x64,
  32                  0x80,0xa1,0xb0,0xab,0xcc,0x9b,0x7e,0x5c,0x4f,0x52,0x34,0x65,0x81,0xa2,0xb0,0xa9,0xc8,0x97,0x7e,0x5b,0x4f,
             -0x52,0x34,0x66,
  33                  0x81,0xa1,0xae,0xaa,0xca,0x96,0x7d,0x5a,0x4f,0x54,0x35,0x67,0x80,0xa2,0xaf,0xab,0xcb,0x94,0x7f,0x5b,0x50,
             -0x54,0x35,0x69,
  34                  0x7f,0xa3,0xaf,0xaa,0xc9,0x94,0x7f,0x5b,0x4e,0x54,0x35,0x67,0x81,0xa3,0xad,0xaa,0xc9,0x90,0x7e,0x5e,0x4e,
             -0x56,0x34,0x6a,
  35                  0x7f,0xa2,0xae,0xa9,0xc7,0x91,0x7f,0x5b,0x4e,0x55,0x37,0x6c,0x7e,0xa0,0xae,0xa7,0xc7,0x91,0x80,0x5d,0x4e,
             -0x54,0x35,0x6e,
  36                  0x7f,0xa3,0xaf,0xa8,0xc5,0x91,0x7f,0x5d,0x4e,0x55,0x38,0x6f,0x80,0xa3,0xb0,0xa8,0xc4,0x8d,0x81,0x5a,0x4e,
             -0x55,0x38,0x6f,
  37                  0x7d,0xa3,0xb1,0xa8,0xc4,0x8c,0x83,0x5d,0x4e,0x56,0x3a,0x72,0x7e,0xa3,0xb0,0xa8,0xc3,0x8c,0x81,0x5a,0x4e,
             -0x55,0x39,0x73,
  38                  0x7d,0xa3,0xb2,0xa7,0xc2,0x8c,0x82,0x5d,0x4d,0x57,0x3b,0x72,0x7b,0xa1,0xb2,0xa6,0xc1,0x8c,0x82,0x5d,0x4f,
             -0x57,0x3d,0x75,
  39                  0x7b,0xa0,0xb1,0xa5,0xc2,0x8b,0x82,0x5e,0x4d,0x56,0x3f,0x73,0x7d,0xa5,0xb7,0xad,0xae,0x7c,0x72,0x4d,0x40,
             -0x53,0x61,0x93,
  40                  0x96,0xbc,0xc7,0xb0,0x9d,0x6c,0x66,0x45,0x39,0x52,0x65,0x96,0x98,0xbb,0xc5,0xae,0x99,0x68,0x65,0x43,0x37,
             -0x52,0x67,0x95,
  41                  0x98,0xbb,0xc6,0xad,0x99,0x68,0x66,0x44,0x38,0x52,0x67,0x95,0x98,0xb9,0xc7,0xac,0x98,0x67,0x65,0x43,0x36,
             -0x52,0x69,0x95,
  42                  0x99,0xb9,0xc6,0xab,0x95,0x68,0x66,0x43,0x36,0x54,0x6b,0x9b,0xa2,0xb2,0xb0,0x9e,0x7f,0x59,0x57,0x59,0x61,
             -0x6f,0x8a,0xae,
  43                  0xac,0xa6,0x9d,0x8f,0x72,0x52,0x53,0x59,0x63,0x71,0x8d,0xac,0xab,0xa5,0x9c,0x8c,0x6f,0x52,0x53,0x5a,0x62,
             -0x71,0x8f,0xac,
  44                  0xab,0xa4,0x9c,0x8d,0x6f,0x52,0x53,0x5a,0x62,0x71,0x90,0xac,0xab,0xa4,0x9c,0x8d,0x6d,0x53,0x53,0x5b,0x62,
             -0x71,0x91,0xac,
  45                  0xab,0xa3,0x9c,0x8d,0x6c,0x53,0x53,0x5b,0x63,0x71,0x93,0xac,0xab,0xa2,0x9c,0x8c,0x6a,0x53,0x54,0x5d,0x64,
             -0x75,0x94,0xa5,
  46                  0xa7,0x9d,0x98,0x88,0x6c,0x5f,0x5d,0x66,0x6a,0x79,0x93,0x9f,0xa2,0x99,0x96,0x87,0x6c,0x60,0x5e,0x67,0x6b,
             -0x79,0x94,0x9f,
  47                  0xa0,0x97,0x94,0x85,0x6a,0x62,0x61,0x69,0x6c,0x7b,0x95,0x9e,0x9f,0x97,0x95,0x85,0x6a,0x62,0x61,0x69,0x6c,
             -0x7a,0x96,0x9d,
  48                  0x9f,0x96,0x94,0x85,0x69,0x62,0x60,0x6a,0x6d,0x7d,0x95,0x97,0x9b,0x90,0x90,0x81,0x6f,0x70,0x6a,0x73,0x73,
             -0x81,0x91,0x90,
  49                  0x95,0x8c,0x8d,0x80,0x6f,0x70,0x6b,0x74,0x74,0x80,0x91,0x90,0x91,0x8a,0x8a,0x7d,0x6e,0x71,0x71,0x79,0x78,
             -0x84,0x93,0x8f,
  50                  0x8f,0x87,0x88,0x7b,0x6d,0x70,0x71,0x79,0x79,0x84,0x93,0x8f,0x8e,0x87,0x87,0x7b,0x6d,0x70,0x72,0x7a,0x79,
             -0x84,0x93,0x90,
  51                  0x8e,0x86,0x86,0x7b,0x6d,0x70,0x72,0x79,0x79,0x85,0x92,0x90,0x8d,0x86,0x86,0x7b,0x6e,0x70,0x73,0x7a,0x79,
             -0x85,0x92,0x90,
  52                  0x8e,0x86,0x83,0x78,0x6c,0x6d,0x72,0x7b,0x81,0x86,0x8e,0x8f,0x8b,0x83,0x80,0x7e,0x73,0x72,0x76,0x7d,0x80,
             -0x82,0x8e,0x90,
  53                  0x8b,0x83,0x81,0x7e,0x72,0x70,0x75,0x7c,0x7f,0x82,0x8d,0x90,0x8b,0x83,0x81,0x7e,0x72,0x70,0x75,0x78,0x7b,
             -0x7e,0x8a,0x8d,
  54                  0x8a,0x8a,0x86,0x83,0x77,0x73,0x75,0x75,0x79,0x7b,0x87,0x8d,0x8a,0x8a,0x87,0x84,0x77,0x72,0x75,0x75,0x78,
             -0x7b,0x87,0x8c,
  55                  0x8a,0x8a,0x86,0x84,0x79,0x72,0x75,0x75,0x78,0x7a,0x86,0x8c,0x8a,0x8a,0x87,0x84,0x79,0x72,0x75,0x75,0x78,
             -0x7a,0x85,0x8c,
  56                  0x8a,0x8a,0x87,0x84,0x79,0x72,0x75,0x75,0x78,0x7a,0x84,0x8d,0x8a,0x8a,0x87,0x85,0x7a,0x72,0x75,0x75,0x79,
             -0x7d,0x83,0x86,
  57                  0x85,0x84,0x83,0x81,0x7f,0x7e,0x7f,0x7e,0x7f,0x80,0x81,0x80,0x81,0x80,0x7f,0x7f,0x7e,0x7f,0x7e,0x7f,0x7f,
             -0x80,0x7f,0x80,
  58                  0x7f,0x80,0x7f,0x7e,0x7f,0x7e,0x7f,0x7f,0x7f,0x80,0x7f,0x80,0x7f,0x80,0x7f,0x7e,0x7f,0x7e }; 


MODULE INFORMATION:   STATIC OVERLAYABLE
C51 COMPILER V8.18   SAMPLES                                                               01/26/2011 11:16:54 PAGE 3   

   CODE SIZE        =   ----    ----
   CONSTANT SIZE    =   1338    ----
   XDATA SIZE       =   ----    ----
   PDATA SIZE       =   ----    ----
   DATA SIZE        =   ----    ----
   IDATA SIZE       =   ----    ----
   BIT SIZE         =   ----    ----
END OF MODULE INFORMATION.


C51 COMPILATION COMPLETE.  0 WARNING(S),  0 ERROR(S)
