C51 COMPILER V8.18   UT_DEBUG                                                              10/24/2013 12:06:12 PAGE 1   


C51 COMPILER V8.18, COMPILATION OF MODULE UT_DEBUG
OBJECT MODULE PLACED IN .\output\UT_DEBUG.obj
COMPILER INVOKED BY: E:\Keil\C51\BIN\C51.EXE sourcecode\UT_DEBUG.C BROWSE DEBUG OBJECTEXTEND PRINT(.\list\UT_DEBUG.lst) 
                    -OBJECT(.\output\UT_DEBUG.obj)

line level    source

   1          
   2          
   3          /*--------------------------------------------------------------------------
   4          __UT_DEBUG__
   5          
   6          通过串口输出调试信息
   7          弃用 printf 等函数
   8          --------------------------------------------------------------------------*/
   9          #include "REG51.h"
  10          #include "stc12l5612.h"
  11          #include "UT_DEBUG.H"
  12          
  13          /////////////////////////////////////////
  14          #ifdef __UT_DEBUG__
  15          //////////////////////////////////////////
  16          
  17          
  18          /************** _INIT_ **************/
  19          void debug_init()
  20          {
  21   1              SCON  = 0x50;             /* 0101 0000, mode 1: 8-bit、no parity UART, enable receiver*/ 
  22   1      /*      PCON |= 0x80; */                   /* double baud-rate */ 
  23   1      
  24   1              TMOD |= 0x20;            /* timer 1 mode 2: 8-Bit reload */ 
  25   1          TH1 = 0xfA;  
  26   1          TL1 = 0xfA;
  27   1               
  28   1              AUXR|=0x40;             /*T1x12=1,timer 1 at 1T ----115200BPS */  
  29   1      /*      AUXR&=~0x40;*/                  /*12T----9600BPS  */ 
  30   1      
  31   1              ET1     = 0;                    /* timer 1 interrupt disable */  
  32   1          TR1 = 1;  
  33   1      
  34   1              ES= 0;               /* disable serial port interrupt */ 
  35   1      }                                       
  36          
  37          /**************_PUTS_ **************/
  38          /**/
  39          #define UART_TX_CH(c) TI=0;SBUF=c;while(!TI);TI=0
  40          /**/
  41          void debug_puts(const char *str)
  42          {
  43   1              unsigned ch;
  44   1      
  45   1              ch = *str ;
  46   1              while(ch)
  47   1              {
  48   2                      UART_TX_CH(ch);          
  49   2      
  50   2                      str++;
  51   2                      ch = *str ;
  52   2              }
  53   1      }
  54          
C51 COMPILER V8.18   UT_DEBUG                                                              10/24/2013 12:06:12 PAGE 2   

  55          /**************_PRINTF_ **************/
  56          void debug_printf_digit (const char *fmtstr, unsigned long num )
  57          {
  58   1              unsigned char c;
  59   1      
  60   1              unsigned long carry;
  61   1              unsigned char start;
  62   1      
  63   1              c=*fmtstr;
  64   1              while( c )
  65   1              {
  66   2                      if(c=='%')
  67   2                      {
  68   3                              c = *(fmtstr+1);
  69   3                              if(c=='d') goto PRINT_DECIMAL;
  70   3                              if(c=='x'||c=='X')goto PRINT_HEX;
  71   3                              c=*fmtstr;
  72   3                      }
  73   2                      UART_TX_CH( c );
  74   2      NEXT_CHAR:
  75   2                      fmtstr++;
  76   2                      c=*fmtstr;
  77   2              }
  78   1              return;
  79   1      
  80   1      // 十进制输出
  81   1      PRINT_DECIMAL:
  82   1              carry=1000000;
  83   1              start=0;
  84   1              
  85   1              if(num==0) { 
  86   2                      UART_TX_CH(0x30);       } 
  87   1              else
  88   1                      while(carry)
  89   1                      {
  90   2                              c = num/carry;
  91   2                              if(start || c ) 
  92   2                              {
  93   3                                      start = 1;
  94   3                                      UART_TX_CH(0x30+c);
  95   3                                      num %= carry;
  96   3                              }
  97   2                              carry /= 10;
  98   2                      }
  99   1      
 100   1              fmtstr++;
 101   1              goto NEXT_CHAR;
 102   1      
 103   1      // 16进制输出
 104   1      PRINT_HEX:
 105   1              #define H2C(x) ((x<0xa)? (0x30+x) : (0x41-0xa+x))
 106   1      
 107   1              c = (num>>4*7)&0xf;  UART_TX_CH(H2C(c));
 108   1              c = (num>>4*6)&0xf;  UART_TX_CH(H2C(c));
 109   1              c = (num>>4*5)&0xf;  UART_TX_CH(H2C(c));
 110   1              c = (num>>4*4)&0xf;  UART_TX_CH(H2C(c));
 111   1              c = (num>>4*3)&0xf;  UART_TX_CH(H2C(c));
 112   1              c = (num>>4*2)&0xf;  UART_TX_CH(H2C(c));
 113   1              c = (num>>4*1)&0xf;  UART_TX_CH(H2C(c));
 114   1              c = (num>>4*0)&0xf;  UART_TX_CH(H2C(c));
 115   1      
 116   1              fmtstr++;
C51 COMPILER V8.18   UT_DEBUG                                                              10/24/2013 12:06:12 PAGE 3   

 117   1              goto NEXT_CHAR;
 118   1      }
 119          
 120          
 121          ////////////////////////////////////////////
 122          /////////////////////////////////////////
 123          #endif //#ifdef __UT_DEBUG__
 124          //////////////////////////////////////////
 125          


MODULE INFORMATION:   STATIC OVERLAYABLE
   CODE SIZE        =    688    ----
   CONSTANT SIZE    =   ----    ----
   XDATA SIZE       =   ----    ----
   PDATA SIZE       =   ----    ----
   DATA SIZE        =   ----      13
   IDATA SIZE       =   ----    ----
   BIT SIZE         =   ----    ----
END OF MODULE INFORMATION.


C51 COMPILATION COMPLETE.  0 WARNING(S),  0 ERROR(S)
